2023-08-08 19:35:44.624715 flat_generator ([[['a'], ['b', 'c']], ['d', 'e', [['f'], 'h'], False], [1, 2, None, [[[[['!']]]]], []]],) {} <generator object flat_generator at 0x000001F400B12500> 
2023-08-08 19:35:44.627716 flat_generator ([['a'], ['b', 'c']],) {} <generator object flat_generator at 0x000001F400B12CE0> 
2023-08-08 19:35:44.628707 flat_generator (['a'],) {} <generator object flat_generator at 0x000001F400B120A0> 
2023-08-08 19:35:44.628707 flat_generator (['b', 'c'],) {} <generator object flat_generator at 0x000001F400B120A0> 
2023-08-08 19:35:44.628707 flat_generator (['d', 'e', [['f'], 'h'], False],) {} <generator object flat_generator at 0x000001F400B12CE0> 
2023-08-08 19:35:44.628707 flat_generator ([['f'], 'h'],) {} <generator object flat_generator at 0x000001F400B120A0> 
2023-08-08 19:35:44.629706 flat_generator (['f'],) {} <generator object flat_generator at 0x000001F400B12180> 
2023-08-08 19:35:44.629706 flat_generator ([1, 2, None, [[[[['!']]]]], []],) {} <generator object flat_generator at 0x000001F400B12CE0> 
2023-08-08 19:35:44.629706 flat_generator ([[[[['!']]]]],) {} <generator object flat_generator at 0x000001F400B120A0> 
2023-08-08 19:35:44.630706 flat_generator ([[[['!']]]],) {} <generator object flat_generator at 0x000001F400B12180> 
2023-08-08 19:35:44.630706 flat_generator ([[['!']]],) {} <generator object flat_generator at 0x000001F400B13680> 
2023-08-08 19:35:44.630706 flat_generator ([['!']],) {} <generator object flat_generator at 0x000001F400B12DC0> 
2023-08-08 19:35:44.630706 flat_generator (['!'],) {} <generator object flat_generator at 0x000001F400B62C00> 
2023-08-08 19:35:44.631707 flat_generator ([],) {} <generator object flat_generator at 0x000001F400B120A0> 
2023-08-08 19:35:44.631707 flat_generator ([[['a'], ['b', 'c']], ['d', 'e', [['f'], 'h'], False], [1, 2, None, [[[[['!']]]]], []]],) {} <generator object flat_generator at 0x000001F400B12500> 
2023-08-08 19:35:44.631707 flat_generator ([['a'], ['b', 'c']],) {} <generator object flat_generator at 0x000001F400B12CE0> 
2023-08-08 19:35:44.632706 flat_generator (['a'],) {} <generator object flat_generator at 0x000001F400B120A0> 
2023-08-08 19:35:44.632706 flat_generator (['b', 'c'],) {} <generator object flat_generator at 0x000001F400B120A0> 
2023-08-08 19:35:44.632706 flat_generator (['d', 'e', [['f'], 'h'], False],) {} <generator object flat_generator at 0x000001F400B12CE0> 
2023-08-08 19:35:44.633706 flat_generator ([['f'], 'h'],) {} <generator object flat_generator at 0x000001F400B120A0> 
2023-08-08 19:35:44.633706 flat_generator (['f'],) {} <generator object flat_generator at 0x000001F400B12180> 
2023-08-08 19:35:44.633706 flat_generator ([1, 2, None, [[[[['!']]]]], []],) {} <generator object flat_generator at 0x000001F400B12CE0> 
2023-08-08 19:35:44.633706 flat_generator ([[[[['!']]]]],) {} <generator object flat_generator at 0x000001F400B120A0> 
2023-08-08 19:35:44.634707 flat_generator ([[[['!']]]],) {} <generator object flat_generator at 0x000001F400B12180> 
2023-08-08 19:35:44.634707 flat_generator ([[['!']]],) {} <generator object flat_generator at 0x000001F400B13680> 
2023-08-08 19:35:44.634707 flat_generator ([['!']],) {} <generator object flat_generator at 0x000001F400B12DC0> 
2023-08-08 19:35:44.635707 flat_generator (['!'],) {} <generator object flat_generator at 0x000001F400B62C00> 
2023-08-08 19:35:44.635707 flat_generator ([],) {} <generator object flat_generator at 0x000001F400B120A0> 
2023-08-08 19:35:44.635707 flat_generator ([[['a'], ['b', 'c']], ['d', 'e', [['f'], 'h'], False], [1, 2, None, [[[[['!']]]]], []]],) {} <generator object flat_generator at 0x000001F400B12500> 
